<?xml version="1.0" encoding="UTF-8"?>
<!-- Generated by org.testng.reporters.JUnitXMLReporter -->
<testsuite ignored="2" hostname="LAPTOP-IP1RMDOK" failures="0" tests="1" name="Default test" time="19.327" errors="0" timestamp="2024-12-04T18:29:07 ICT">
  <testcase classname="automation.testsuite.Tedu_CapNhatMatKhauTest" name="testSearchCourse" time="13.739"/>
  <testcase classname="automation.testsuite.Tedu_CapNhatMatKhauTest" name="CapNhatMatKhauThanhCong" time="0.0">
    <ignored/>
  </testcase> <!-- CapNhatMatKhauThanhCong -->
  <testcase classname="automation.testsuite.Tedu_CapNhatMatKhauTest" name="DangNhapThanhCong" time="0.0">
    <ignored/>
  </testcase> <!-- DangNhapThanhCong -->
</testsuite> <!-- Default test -->
