<?xml version="1.0" encoding="UTF-8"?>
<testng-results ignored="2" total="3" passed="1" failed="0" skipped="0">
  <reporter-output>
  </reporter-output>
  <suite started-at="2024-12-04T18:28:47 ICT" name="Default suite" finished-at="2024-12-04T18:29:07 ICT" duration-ms="19327">
    <groups>
    </groups>
    <test started-at="2024-12-04T18:28:47 ICT" name="Default test" finished-at="2024-12-04T18:29:07 ICT" duration-ms="19327">
      <class name="automation.testsuite.Tedu_CapNhatMatKhauTest">
        <test-method is-config="true" signature="openChrome()[pri:0, instance:automation.testsuite.Tedu_CapNhatMatKhauTest@2d7275fc]" started-at="2024-12-04T18:28:47 ICT" name="openChrome" finished-at="2024-12-04T18:28:53 ICT" duration-ms="5546" status="PASS">
          <reporter-output>
          </reporter-output>
        </test-method> <!-- openChrome -->
        <test-method signature="testSearchCourse()[pri:3, instance:automation.testsuite.Tedu_CapNhatMatKhauTest@2d7275fc]" started-at="2024-12-04T18:28:53 ICT" name="testSearchCourse" finished-at="2024-12-04T18:29:07 ICT" duration-ms="13739" status="PASS">
          <reporter-output>
          </reporter-output>
        </test-method> <!-- testSearchCourse -->
      </class> <!-- automation.testsuite.Tedu_CapNhatMatKhauTest -->
    </test> <!-- Default test -->
  </suite> <!-- Default suite -->
</testng-results>
